<?xml version="1.0" encoding="UTF-8"?>
<!-- Generated by org.testng.reporters.JUnitReportReporter -->
<testsuite skipped="0" hostname="LAPTOP-SENTHILNATHAN" name="testcases.TC003_Creatleadpage" tests="2" failures="0" timestamp="03 Jun 2018 06:39:25 GMT" time="30.758" errors="0">
  <testcase name="Creatleadpage" time="15.527" classname="testcases.TC003_Creatleadpage"/>
  <testcase name="Creatleadpage" time="15.231" classname="testcases.TC003_Creatleadpage"/>
</testsuite> <!-- testcases.TC003_Creatleadpage -->
